[2024-03-20 20:28:13 ] Текст ошибки: Undefined variable $f | Файл: W:\domains\new-ishop.loc\public\index.php | Строка: 10
[2024-03-20 20:28:13 ] Текст ошибки: Undefined variable $f | Файл: W:\domains\new-ishop.loc\public\index.php | Строка: 10
[2024-03-20 20:29:13 ] Текст ошибки: Undefined variable $f | Файл: W:\domains\new-ishop.loc\public\index.php | Строка: 10
[2024-03-20 20:29:13 ] Текст ошибки: Undefined variable $f | Файл: W:\domains\new-ishop.loc\public\index.php | Строка: 10
[2024-03-20 20:29:19 ] Текст ошибки: Undefined variable $f | Файл: W:\domains\new-ishop.loc\public\index.php | Строка: 10
[2024-03-20 20:29:19 ] Текст ошибки: Undefined variable $f | Файл: W:\domains\new-ishop.loc\public\index.php | Строка: 10
[2024-03-20 21:01:31 ] Текст ошибки: Array to string conversion | Файл: W:\domains\new-ishop.loc\public\index.php | Строка: 12
[2024-03-20 21:01:31 ] Текст ошибки: Array to string conversion | Файл: W:\domains\new-ishop.loc\public\index.php | Строка: 12
[2024-03-20 21:27:45 ] Текст ошибки: Class "" not found | Файл: W:\domains\new-ishop.loc\vendor\wfm\Router.php | Строка: 49
[2024-03-20 21:27:45 ] Текст ошибки: Class "" not found | Файл: W:\domains\new-ishop.loc\vendor\wfm\Router.php | Строка: 49
[2024-03-20 21:27:47 ] Текст ошибки: Class "" not found | Файл: W:\domains\new-ishop.loc\vendor\wfm\Router.php | Строка: 49
[2024-03-20 21:27:47 ] Текст ошибки: Class "" not found | Файл: W:\domains\new-ishop.loc\vendor\wfm\Router.php | Строка: 49
[2024-03-20 22:28:36 ] Текст ошибки: Контроллер {$controller} не найден | Файл: W:\domains\new-ishop.loc\vendor\wfm\Router.php | Строка: 40
[2024-03-20 22:28:36 ] Текст ошибки: Контроллер {$controller} не найден | Файл: W:\domains\new-ishop.loc\vendor\wfm\Router.php | Строка: 40
[2024-03-20 22:29:41 ] Текст ошибки: Контроллер {$controller} не найден | Файл: W:\domains\new-ishop.loc\vendor\wfm\Router.php | Строка: 39
[2024-03-20 22:29:41 ] Текст ошибки: Контроллер {$controller} не найден | Файл: W:\domains\new-ishop.loc\vendor\wfm\Router.php | Строка: 39
[2024-03-20 22:29:42 ] Текст ошибки: Контроллер {$controller} не найден | Файл: W:\domains\new-ishop.loc\vendor\wfm\Router.php | Строка: 39
[2024-03-20 22:29:42 ] Текст ошибки: Контроллер {$controller} не найден | Файл: W:\domains\new-ishop.loc\vendor\wfm\Router.php | Строка: 39
[2024-03-20 22:32:06 ] Текст ошибки: Страница не найдена | Файл: W:\domains\new-ishop.loc\vendor\wfm\Router.php | Строка: 42
[2024-03-20 22:32:06 ] Текст ошибки: Страница не найдена | Файл: W:\domains\new-ishop.loc\vendor\wfm\Router.php | Строка: 42
[2024-03-20 22:32:11 ] Текст ошибки: Контроллер {$controller} не найден | Файл: W:\domains\new-ishop.loc\vendor\wfm\Router.php | Строка: 39
[2024-03-20 22:32:11 ] Текст ошибки: Контроллер {$controller} не найден | Файл: W:\domains\new-ishop.loc\vendor\wfm\Router.php | Строка: 39
[2024-03-20 22:32:30 ] Текст ошибки: Контроллер {$controller} не найден | Файл: W:\domains\new-ishop.loc\vendor\wfm\Router.php | Строка: 39
[2024-03-20 22:32:30 ] Текст ошибки: Контроллер {$controller} не найден | Файл: W:\domains\new-ishop.loc\vendor\wfm\Router.php | Строка: 39
[2024-03-20 22:33:53 ] Текст ошибки: Контроллер {$controller} не найден | Файл: W:\domains\new-ishop.loc\vendor\wfm\Router.php | Строка: 39
[2024-03-20 22:33:53 ] Текст ошибки: Контроллер {$controller} не найден | Файл: W:\domains\new-ishop.loc\vendor\wfm\Router.php | Строка: 39
[2024-03-20 22:34:00 ] Текст ошибки: Контроллер {$controller} не найден | Файл: W:\domains\new-ishop.loc\vendor\wfm\Router.php | Строка: 39
[2024-03-20 22:34:00 ] Текст ошибки: Контроллер {$controller} не найден | Файл: W:\domains\new-ishop.loc\vendor\wfm\Router.php | Строка: 39
[2024-03-20 22:34:07 ] Текст ошибки: Контроллер {$controller} не найден | Файл: W:\domains\new-ishop.loc\vendor\wfm\Router.php | Строка: 39
[2024-03-20 22:34:07 ] Текст ошибки: Контроллер {$controller} не найден | Файл: W:\domains\new-ishop.loc\vendor\wfm\Router.php | Строка: 39
[2024-03-20 22:34:16 ] Текст ошибки: Контроллер {$controller} не найден | Файл: W:\domains\new-ishop.loc\vendor\wfm\Router.php | Строка: 39
[2024-03-20 22:34:16 ] Текст ошибки: Контроллер {$controller} не найден | Файл: W:\domains\new-ishop.loc\vendor\wfm\Router.php | Строка: 39
[2024-03-20 22:34:22 ] Текст ошибки: Контроллер {$controller} не найден | Файл: W:\domains\new-ishop.loc\vendor\wfm\Router.php | Строка: 39
[2024-03-20 22:34:22 ] Текст ошибки: Контроллер {$controller} не найден | Файл: W:\domains\new-ishop.loc\vendor\wfm\Router.php | Строка: 39
[2024-03-20 22:34:30 ] Текст ошибки: Контроллер {$controller} не найден | Файл: W:\domains\new-ishop.loc\vendor\wfm\Router.php | Строка: 39
[2024-03-20 22:34:30 ] Текст ошибки: Контроллер {$controller} не найден | Файл: W:\domains\new-ishop.loc\vendor\wfm\Router.php | Строка: 39
[2024-03-20 22:35:20 ] Текст ошибки: Контроллер {$controller} не найден | Файл: W:\domains\new-ishop.loc\vendor\wfm\Router.php | Строка: 39
[2024-03-20 22:35:20 ] Текст ошибки: Контроллер {$controller} не найден | Файл: W:\domains\new-ishop.loc\vendor\wfm\Router.php | Строка: 39
[2024-03-20 22:36:34 ] Текст ошибки: Контроллер {$controller} не найден | Файл: W:\domains\new-ishop.loc\vendor\wfm\Router.php | Строка: 39
[2024-03-20 22:36:34 ] Текст ошибки: Контроллер {$controller} не найден | Файл: W:\domains\new-ishop.loc\vendor\wfm\Router.php | Строка: 39
[2024-03-20 22:36:35 ] Текст ошибки: Контроллер {$controller} не найден | Файл: W:\domains\new-ishop.loc\vendor\wfm\Router.php | Строка: 39
[2024-03-20 22:36:35 ] Текст ошибки: Контроллер {$controller} не найден | Файл: W:\domains\new-ishop.loc\vendor\wfm\Router.php | Строка: 39
[2024-03-20 22:37:24 ] Текст ошибки: Контроллер app\controllers\AdminController не найден | Файл: W:\domains\new-ishop.loc\vendor\wfm\Router.php | Строка: 39
[2024-03-20 22:37:24 ] Текст ошибки: Контроллер app\controllers\AdminController не найден | Файл: W:\domains\new-ishop.loc\vendor\wfm\Router.php | Строка: 39
[2024-03-20 22:37:25 ] Текст ошибки: Контроллер app\controllers\AdminController не найден | Файл: W:\domains\new-ishop.loc\vendor\wfm\Router.php | Строка: 39
[2024-03-20 22:37:25 ] Текст ошибки: Контроллер app\controllers\AdminController не найден | Файл: W:\domains\new-ishop.loc\vendor\wfm\Router.php | Строка: 39
[2024-03-20 22:39:11 ] Текст ошибки: Контроллер app\controllers\AdminController не найден | Файл: W:\domains\new-ishop.loc\vendor\wfm\Router.php | Строка: 39
[2024-03-20 22:39:11 ] Текст ошибки: Контроллер app\controllers\AdminController не найден | Файл: W:\domains\new-ishop.loc\vendor\wfm\Router.php | Строка: 39
[2024-03-21 16:25:03 ] Текст ошибки: Контроллер app\controllers\AdminController не найден | Файл: W:\domains\new-ishop.loc\vendor\wfm\Router.php | Строка: 59
[2024-03-21 16:25:03 ] Текст ошибки: Контроллер app\controllers\AdminController не найден | Файл: W:\domains\new-ishop.loc\vendor\wfm\Router.php | Строка: 59
[2024-03-21 16:25:03 ] Текст ошибки: Контроллер app\controllers\AdminController не найден | Файл: W:\domains\new-ishop.loc\vendor\wfm\Router.php | Строка: 59
[2024-03-21 16:25:34 ] Текст ошибки: Контроллер  не найден | Файл: W:\domains\new-ishop.loc\vendor\wfm\Router.php | Строка: 59
[2024-03-21 16:25:34 ] Текст ошибки: Контроллер  не найден | Файл: W:\domains\new-ishop.loc\vendor\wfm\Router.php | Строка: 59
[2024-03-21 16:27:11 ] Текст ошибки: Контроллер app\controllers\AdminController не найден | Файл: W:\domains\new-ishop.loc\vendor\wfm\Router.php | Строка: 59
[2024-03-21 16:27:11 ] Текст ошибки: Контроллер app\controllers\AdminController не найден | Файл: W:\domains\new-ishop.loc\vendor\wfm\Router.php | Строка: 59
[2024-03-21 16:31:46 ] Текст ошибки: Контроллер app\controllers\AdminController не найден | Файл: W:\domains\new-ishop.loc\vendor\wfm\Router.php | Строка: 59
[2024-03-21 16:31:46 ] Текст ошибки: Контроллер app\controllers\AdminController не найден | Файл: W:\domains\new-ishop.loc\vendor\wfm\Router.php | Строка: 59
[2024-03-21 16:31:47 ] Текст ошибки: Контроллер app\controllers\AdminController не найден | Файл: W:\domains\new-ishop.loc\vendor\wfm\Router.php | Строка: 59
[2024-03-21 16:31:47 ] Текст ошибки: Контроллер app\controllers\AdminController не найден | Файл: W:\domains\new-ishop.loc\vendor\wfm\Router.php | Строка: 59
[2024-03-21 16:34:32 ] Текст ошибки: Контроллер app\controllers\AdminController не найден | Файл: W:\domains\new-ishop.loc\vendor\wfm\Router.php | Строка: 59
[2024-03-21 16:34:32 ] Текст ошибки: Контроллер app\controllers\AdminController не найден | Файл: W:\domains\new-ishop.loc\vendor\wfm\Router.php | Строка: 59
[2024-03-21 16:34:33 ] Текст ошибки: Контроллер app\controllers\AdminController не найден | Файл: W:\domains\new-ishop.loc\vendor\wfm\Router.php | Строка: 59
[2024-03-21 16:34:33 ] Текст ошибки: Контроллер app\controllers\AdminController не найден | Файл: W:\domains\new-ishop.loc\vendor\wfm\Router.php | Строка: 59
[2024-03-21 16:34:33 ] Текст ошибки: Контроллер app\controllers\AdminController не найден | Файл: W:\domains\new-ishop.loc\vendor\wfm\Router.php | Строка: 59
[2024-03-21 16:34:33 ] Текст ошибки: Контроллер app\controllers\AdminController не найден | Файл: W:\domains\new-ishop.loc\vendor\wfm\Router.php | Строка: 59
[2024-03-21 16:35:11 ] Текст ошибки: Контроллер app\controllers\AdminController не найден | Файл: W:\domains\new-ishop.loc\vendor\wfm\Router.php | Строка: 59
[2024-03-21 16:35:11 ] Текст ошибки: Контроллер app\controllers\AdminController не найден | Файл: W:\domains\new-ishop.loc\vendor\wfm\Router.php | Строка: 59
[2024-03-21 16:35:28 ] Текст ошибки: Контроллер app\controllers\AdminController не найден | Файл: W:\domains\new-ishop.loc\vendor\wfm\Router.php | Строка: 45
[2024-03-21 16:35:28 ] Текст ошибки: Контроллер app\controllers\AdminController не найден | Файл: W:\domains\new-ishop.loc\vendor\wfm\Router.php | Строка: 45
[2024-03-21 16:35:29 ] Текст ошибки: Контроллер app\controllers\AdminController не найден | Файл: W:\domains\new-ishop.loc\vendor\wfm\Router.php | Строка: 45
[2024-03-21 16:35:29 ] Текст ошибки: Контроллер app\controllers\AdminController не найден | Файл: W:\domains\new-ishop.loc\vendor\wfm\Router.php | Строка: 45
[2024-03-21 16:43:29 ] Текст ошибки: Не найден вид W:\domains\new-ishop.loc/app/views/admin/Main/index.php | Файл: W:\domains\new-ishop.loc\vendor\wfm\View.php | Строка: 31
[2024-03-21 16:43:29 ] Текст ошибки: Не найден вид W:\domains\new-ishop.loc/app/views/admin/Main/index.php | Файл: W:\domains\new-ishop.loc\vendor\wfm\View.php | Строка: 31
[2024-03-21 16:43:47 ] Текст ошибки: Не найден вид W:\domains\new-ishop.loc/app/views/admin/Main/index.php | Файл: W:\domains\new-ishop.loc\vendor\wfm\View.php | Строка: 31
[2024-03-21 16:43:47 ] Текст ошибки: Не найден вид W:\domains\new-ishop.loc/app/views/admin/Main/index.php | Файл: W:\domains\new-ishop.loc\vendor\wfm\View.php | Строка: 31
[2024-03-21 16:45:54 ] Текст ошибки: Не найден вид W:\domains\new-ishop.loc/app/views/admin/Main/index.php | Файл: W:\domains\new-ishop.loc\vendor\wfm\View.php | Строка: 31
[2024-03-21 16:45:55 ] Текст ошибки: Не найден вид W:\domains\new-ishop.loc/app/views/admin/Main/index.php | Файл: W:\domains\new-ishop.loc\vendor\wfm\View.php | Строка: 31
[2024-03-21 16:46:37 ] Текст ошибки: Не найден вид W:\domains\new-ishop.loc/app/views/admin/Main/index.php | Файл: W:\domains\new-ishop.loc\vendor\wfm\View.php | Строка: 31
[2024-03-21 16:46:37 ] Текст ошибки: Не найден вид W:\domains\new-ishop.loc/app/views/admin/Main/index.php | Файл: W:\domains\new-ishop.loc\vendor\wfm\View.php | Строка: 31
[2024-03-21 16:48:58 ] Текст ошибки: Не найден шаблон W:\domains\new-ishop.loc/app/views/layouts/ishop.php | Файл: W:\domains\new-ishop.loc\vendor\wfm\View.php | Строка: 42
[2024-03-21 16:48:58 ] Текст ошибки: Не найден шаблон W:\domains\new-ishop.loc/app/views/layouts/ishop.php | Файл: W:\domains\new-ishop.loc\vendor\wfm\View.php | Строка: 42
[2024-03-21 17:04:59 ] Текст ошибки: Array to string conversion | Файл: W:\domains\new-ishop.loc\app\views\layouts\ishop.php | Строка: 17
[2024-03-21 17:04:59 ] Текст ошибки: Array to string conversion | Файл: W:\domains\new-ishop.loc\app\views\layouts\ishop.php | Строка: 17
[2024-03-21 17:13:01 ] Текст ошибки: Undefined variable $test | Файл: W:\domains\new-ishop.loc\app\views\Main\index.php | Строка: 3
[2024-03-21 17:13:01 ] Текст ошибки: Undefined variable $test | Файл: W:\domains\new-ishop.loc\app\views\Main\index.php | Строка: 3
[2024-03-21 17:50:42 ] Текст ошибки: Class "R" not found | Файл: W:\domains\new-ishop.loc\app\controllers\MainController.php | Строка: 10
[2024-03-21 17:50:42 ] Текст ошибки: Class "R" not found | Файл: W:\domains\new-ishop.loc\app\controllers\MainController.php | Строка: 10
[2024-03-21 17:51:25 ] Текст ошибки: Class "R" not found | Файл: W:\domains\new-ishop.loc\app\controllers\MainController.php | Строка: 11
[2024-03-21 17:51:25 ] Текст ошибки: Class "R" not found | Файл: W:\domains\new-ishop.loc\app\controllers\MainController.php | Строка: 11
[2024-03-21 17:51:37 ] Текст ошибки: Call to a member function find() on null | Файл: W:\domains\new-ishop.loc\vendor\gabordemooij\redbean\RedBeanPHP\Facade.php | Строка: 1026
[2024-03-21 17:51:37 ] Текст ошибки: Call to a member function find() on null | Файл: W:\domains\new-ishop.loc\vendor\gabordemooij\redbean\RedBeanPHP\Facade.php | Строка: 1026
[2024-03-21 17:51:43 ] Текст ошибки: Call to a member function find() on null | Файл: W:\domains\new-ishop.loc\vendor\gabordemooij\redbean\RedBeanPHP\Facade.php | Строка: 1026
[2024-03-21 17:51:43 ] Текст ошибки: Call to a member function find() on null | Файл: W:\domains\new-ishop.loc\vendor\gabordemooij\redbean\RedBeanPHP\Facade.php | Строка: 1026
[2024-03-21 17:52:34 ] Текст ошибки: Call to a member function find() on null | Файл: W:\domains\new-ishop.loc\vendor\gabordemooij\redbean\RedBeanPHP\Facade.php | Строка: 1026
[2024-03-21 17:52:34 ] Текст ошибки: Call to a member function find() on null | Файл: W:\domains\new-ishop.loc\vendor\gabordemooij\redbean\RedBeanPHP\Facade.php | Строка: 1026
[2024-03-21 17:52:56 ] Текст ошибки: Call to a member function find() on null | Файл: W:\domains\new-ishop.loc\vendor\gabordemooij\redbean\RedBeanPHP\Facade.php | Строка: 1026
[2024-03-21 17:52:56 ] Текст ошибки: Call to a member function find() on null | Файл: W:\domains\new-ishop.loc\vendor\gabordemooij\redbean\RedBeanPHP\Facade.php | Строка: 1026
[2024-03-21 17:52:57 ] Текст ошибки: Call to a member function find() on null | Файл: W:\domains\new-ishop.loc\vendor\gabordemooij\redbean\RedBeanPHP\Facade.php | Строка: 1026
[2024-03-21 17:52:57 ] Текст ошибки: Call to a member function find() on null | Файл: W:\domains\new-ishop.loc\vendor\gabordemooij\redbean\RedBeanPHP\Facade.php | Строка: 1026
[2024-03-21 17:54:21 ] Текст ошибки: Call to a member function find() on null | Файл: W:\domains\new-ishop.loc\vendor\gabordemooij\redbean\RedBeanPHP\Facade.php | Строка: 1026
[2024-03-21 17:54:21 ] Текст ошибки: Call to a member function find() on null | Файл: W:\domains\new-ishop.loc\vendor\gabordemooij\redbean\RedBeanPHP\Facade.php | Строка: 1026
[2024-03-21 17:55:07 ] Текст ошибки: Call to a member function find() on null | Файл: W:\domains\new-ishop.loc\vendor\gabordemooij\redbean\RedBeanPHP\Facade.php | Строка: 1026
[2024-03-21 17:55:07 ] Текст ошибки: Call to a member function find() on null | Файл: W:\domains\new-ishop.loc\vendor\gabordemooij\redbean\RedBeanPHP\Facade.php | Строка: 1026
[2024-03-21 17:55:08 ] Текст ошибки: Call to a member function find() on null | Файл: W:\domains\new-ishop.loc\vendor\gabordemooij\redbean\RedBeanPHP\Facade.php | Строка: 1026
[2024-03-21 17:55:08 ] Текст ошибки: Call to a member function find() on null | Файл: W:\domains\new-ishop.loc\vendor\gabordemooij\redbean\RedBeanPHP\Facade.php | Строка: 1026
[2024-03-21 17:55:34 ] Текст ошибки: Call to a member function find() on null | Файл: W:\domains\new-ishop.loc\vendor\gabordemooij\redbean\RedBeanPHP\Facade.php | Строка: 1026
[2024-03-21 17:55:34 ] Текст ошибки: Call to a member function find() on null | Файл: W:\domains\new-ishop.loc\vendor\gabordemooij\redbean\RedBeanPHP\Facade.php | Строка: 1026
[2024-03-21 17:57:13 ] Текст ошибки: Call to a member function find() on null | Файл: W:\domains\new-ishop.loc\vendor\gabordemooij\redbean\RedBeanPHP\Facade.php | Строка: 1026
[2024-03-21 17:57:13 ] Текст ошибки: Call to a member function find() on null | Файл: W:\domains\new-ishop.loc\vendor\gabordemooij\redbean\RedBeanPHP\Facade.php | Строка: 1026
[2024-03-21 18:06:34 ] Текст ошибки: Call to a member function find() on null | Файл: W:\domains\new-ishop.loc\vendor\gabordemooij\redbean\RedBeanPHP\Facade.php | Строка: 1026
[2024-03-21 18:06:35 ] Текст ошибки: Call to a member function find() on null | Файл: W:\domains\new-ishop.loc\vendor\gabordemooij\redbean\RedBeanPHP\Facade.php | Строка: 1026
[2024-03-21 18:06:35 ] Текст ошибки: Call to a member function find() on null | Файл: W:\domains\new-ishop.loc\vendor\gabordemooij\redbean\RedBeanPHP\Facade.php | Строка: 1026
[2024-03-21 18:06:35 ] Текст ошибки: Call to a member function find() on null | Файл: W:\domains\new-ishop.loc\vendor\gabordemooij\redbean\RedBeanPHP\Facade.php | Строка: 1026
[2024-03-21 18:06:42 ] Текст ошибки: Call to a member function find() on null | Файл: W:\domains\new-ishop.loc\vendor\gabordemooij\redbean\RedBeanPHP\Facade.php | Строка: 1026
[2024-03-21 18:06:42 ] Текст ошибки: Call to a member function find() on null | Файл: W:\domains\new-ishop.loc\vendor\gabordemooij\redbean\RedBeanPHP\Facade.php | Строка: 1026
[2024-03-21 18:07:06 ] Текст ошибки: Call to a member function find() on null | Файл: W:\domains\new-ishop.loc\vendor\gabordemooij\redbean\RedBeanPHP\Facade.php | Строка: 1026
[2024-03-21 18:07:06 ] Текст ошибки: Call to a member function find() on null | Файл: W:\domains\new-ishop.loc\vendor\gabordemooij\redbean\RedBeanPHP\Facade.php | Строка: 1026
[2024-03-21 18:08:28 ] Текст ошибки: Call to a member function find() on null | Файл: W:\domains\new-ishop.loc\vendor\gabordemooij\redbean\RedBeanPHP\Facade.php | Строка: 1026
[2024-03-21 18:08:28 ] Текст ошибки: Call to a member function find() on null | Файл: W:\domains\new-ishop.loc\vendor\gabordemooij\redbean\RedBeanPHP\Facade.php | Строка: 1026
[2024-03-21 18:09:34 ] Текст ошибки: Call to a member function find() on null | Файл: W:\domains\new-ishop.loc\vendor\gabordemooij\redbean\RedBeanPHP\Facade.php | Строка: 1026
[2024-03-21 18:09:34 ] Текст ошибки: Call to a member function find() on null | Файл: W:\domains\new-ishop.loc\vendor\gabordemooij\redbean\RedBeanPHP\Facade.php | Строка: 1026
[2024-03-21 18:09:35 ] Текст ошибки: Call to a member function find() on null | Файл: W:\domains\new-ishop.loc\vendor\gabordemooij\redbean\RedBeanPHP\Facade.php | Строка: 1026
[2024-03-21 18:09:35 ] Текст ошибки: Call to a member function find() on null | Файл: W:\domains\new-ishop.loc\vendor\gabordemooij\redbean\RedBeanPHP\Facade.php | Строка: 1026
[2024-03-21 18:09:38 ] Текст ошибки: Call to a member function find() on null | Файл: W:\domains\new-ishop.loc\vendor\gabordemooij\redbean\RedBeanPHP\Facade.php | Строка: 1026
[2024-03-21 18:09:38 ] Текст ошибки: Call to a member function find() on null | Файл: W:\domains\new-ishop.loc\vendor\gabordemooij\redbean\RedBeanPHP\Facade.php | Строка: 1026
[2024-03-21 18:09:38 ] Текст ошибки: Call to a member function find() on null | Файл: W:\domains\new-ishop.loc\vendor\gabordemooij\redbean\RedBeanPHP\Facade.php | Строка: 1026
[2024-03-21 18:09:38 ] Текст ошибки: Call to a member function find() on null | Файл: W:\domains\new-ishop.loc\vendor\gabordemooij\redbean\RedBeanPHP\Facade.php | Строка: 1026
[2024-03-21 18:19:42 ] Текст ошибки: Undefined variable $names | Файл: W:\domains\new-ishop.loc\app\views\Main\index.php | Строка: 5
[2024-03-21 18:19:42 ] Текст ошибки: Undefined variable $names | Файл: W:\domains\new-ishop.loc\app\views\Main\index.php | Строка: 5
[2024-03-21 18:20:04 ] Текст ошибки: Undefined property: wfm\View::$name | Файл: W:\domains\new-ishop.loc\app\views\Main\index.php | Строка: 5
[2024-03-21 18:20:04 ] Текст ошибки: Undefined property: wfm\View::$name | Файл: W:\domains\new-ishop.loc\app\views\Main\index.php | Строка: 5
[2024-03-21 18:25:33 ] Текст ошибки: Undefined variable $test | Файл: W:\domains\new-ishop.loc\app\views\Main\index.php | Строка: 3
[2024-03-21 18:25:33 ] Текст ошибки: Undefined variable $test | Файл: W:\domains\new-ishop.loc\app\views\Main\index.php | Строка: 3
[2024-03-21 20:38:35 ] Текст ошибки: Не найден файл W:\domains\new-ishop.loc/app/parts/parts/header.php | Файл: W:\domains\new-ishop.loc\vendor\wfm\View.php | Строка: 77
[2024-03-21 20:38:35 ] Текст ошибки: Не найден файл W:\domains\new-ishop.loc/app/parts/parts/header.php | Файл: W:\domains\new-ishop.loc\vendor\wfm\View.php | Строка: 77
